<?xml version="1.0" encoding="utf-8"?><testsuites name="pytest tests"><testsuite name="pytest" errors="0" failures="0" skipped="0" tests="14" time="10.611" timestamp="2026-07-08T11:12:29.563792+00:00" hostname="agent-env-d3c13dd8-5c5b-4f51-8324-6f4b01938f03"><testcase classname="backend.tests.backend_test" name="test_static_routes[/login/]" time="0.320" /><testcase classname="backend.tests.backend_test" name="test_static_routes[/web_form/]" time="0.104" /><testcase classname="backend.tests.backend_test" name="test_static_routes[/admin/]" time="0.137" /><testcase classname="backend.tests.backend_test" name="test_static_routes[/web_form/styles.css]" time="0.156" /><testcase classname="backend.tests.backend_test" name="test_static_routes[/web_form/app.js]" time="0.115" /><testcase classname="backend.tests.backend_test" name="test_styles_css_has_new_tokens" time="0.106" /><testcase classname="backend.tests.backend_test" name="test_login_wrong_password" time="0.129" /><testcase classname="backend.tests.backend_test" name="test_login_ok" time="0.128" /><testcase classname="backend.tests.backend_test" name="test_list_records" time="0.368" /><testcase classname="backend.tests.backend_test" name="test_download_database" time="0.044" /><testcase classname="backend.tests.backend_test" name="test_production_summary" time="4.327" /><testcase classname="backend.tests.backend_test" name="test_npt_stats" time="4.299" /><testcase classname="backend.tests.backend_test" name="test_save_report" time="0.270" /><testcase classname="backend.tests.backend_test" name="test_admin_users" time="0.044" /></testsuite></testsuites>